--2021-09-01 23:54:01--  https://github.com/rancher/rke/releases/download/v1.2.12/rke_linux-amd64
Resolving github.com (github.com)... 20.201.28.151
Connecting to github.com (github.com)|20.201.28.151|:443... connected.
HTTP request sent, awaiting response... 302 Found
Location: https://github-releases.githubusercontent.com/108337180/4bd5d78f-cc93-484c-8ac6-a461b32e49bb?X-Amz-Algorithm=AWS4-HMAC-SHA256&X-Amz-Credential=AKIAIWNJYAX4CSVEH53A%2F20210902%2Fus-east-1%2Fs3%2Faws4_request&X-Amz-Date=20210902T025402Z&X-Amz-Expires=300&X-Amz-Signature=9a7afa263766e0cfe2debe064843e35061dea3b5b7fcfcb24bb0827e563312d4&X-Amz-SignedHeaders=host&actor_id=0&key_id=0&repo_id=108337180&response-content-disposition=attachment%3B%20filename%3Drke_linux-amd64&response-content-type=application%2Foctet-stream [following]
--2021-09-01 23:54:02--  https://github-releases.githubusercontent.com/108337180/4bd5d78f-cc93-484c-8ac6-a461b32e49bb?X-Amz-Algorithm=AWS4-HMAC-SHA256&X-Amz-Credential=AKIAIWNJYAX4CSVEH53A%2F20210902%2Fus-east-1%2Fs3%2Faws4_request&X-Amz-Date=20210902T025402Z&X-Amz-Expires=300&X-Amz-Signature=9a7afa263766e0cfe2debe064843e35061dea3b5b7fcfcb24bb0827e563312d4&X-Amz-SignedHeaders=host&actor_id=0&key_id=0&repo_id=108337180&response-content-disposition=attachment%3B%20filename%3Drke_linux-amd64&response-content-type=application%2Foctet-stream
Resolving github-releases.githubusercontent.com (github-releases.githubusercontent.com)... 2606:50c0:8002::154, 2606:50c0:8000::154, 2606:50c0:8001::154, ...
Connecting to github-releases.githubusercontent.com (github-releases.githubusercontent.com)|2606:50c0:8002::154|:443... connected.
HTTP request sent, awaiting response... 200 OK
Length: 38619340 (37M) [application/octet-stream]
Saving to: ‘rke_linux-amd64’

     0K .......... .......... .......... .......... ..........  0% 1,28M 29s
    50K .......... .......... .......... .......... ..........  0% 3,44M 20s
   100K .......... .......... .......... .......... ..........  0% 2,43M 18s
   150K .......... .......... .......... .......... ..........  0% 3,79M 16s
   200K .......... .......... .......... .......... ..........  0% 3,14M 15s
   250K .......... .......... .......... .......... ..........  0% 1,02M 19s
   300K .......... .......... .......... .......... ..........  0% 42,6M 16s
   350K .......... .......... .......... .......... ..........  1% 4,95M 15s
   400K .......... .......... .......... .......... ..........  1% 1,44M 16s
   450K .......... .......... .......... .......... ..........  1%  262K 29s
   500K .......... .......... .......... .......... ..........  1% 3,93M 27s
   550K .......... .......... .......... .......... ..........  1% 3,96M 25s
   600K .......... .......... .......... .......... ..........  1% 4,12M 24s
   650K .......... .......... .......... .......... ..........  1% 3,39M 23s
   700K .......... .......... .......... .......... ..........  1% 4,94M 22s
   750K .......... .......... .......... .......... ..........  2% 4,76M 21s
   800K .......... .......... .......... .......... ..........  2% 3,63M 20s
   850K .......... .......... .......... .......... ..........  2% 2,98M 20s
   900K .......... .......... .......... .......... ..........  2% 3,42M 19s
   950K .......... .......... .......... .......... ..........  2% 5,31M 19s
  1000K .......... .......... .......... .......... ..........  2% 2,30M 19s
  1050K .......... .......... .......... .......... ..........  2% 5,76M 18s
  1100K .......... .......... .......... .......... ..........  3% 3,45M 18s
  1150K .......... .......... .......... .......... ..........  3% 5,65M 17s
  1200K .......... .......... .......... .......... ..........  3% 2,04M 17s
  1250K .......... .......... .......... .......... ..........  3% 2,72M 17s
  1300K .......... .......... .......... .......... ..........  3% 6,69M 16s
  1350K .......... .......... .......... .......... ..........  3% 6,99M 16s
  1400K .......... .......... .......... .......... ..........  3% 1,03M 17s
  1450K .......... .......... .......... .......... ..........  3%  130M 16s
  1500K .......... .......... .......... .......... ..........  4% 74,3M 16s
  1550K .......... .......... .......... .......... ..........  4%  100M 15s
  1600K .......... .......... .......... .......... ..........  4% 6,30M 15s
  1650K .......... .......... .......... .......... ..........  4% 3,64M 15s
  1700K .......... .......... .......... .......... ..........  4% 6,25M 14s
  1750K .......... .......... .......... .......... ..........  4% 2,04M 14s
  1800K .......... .......... .......... .......... ..........  4%  909K 15s
  1850K .......... .......... .......... .......... ..........  5% 60,3M 15s
  1900K .......... .......... .......... .......... ..........  5%  101M 14s
  1950K .......... .......... .......... .......... ..........  5% 8,15M 14s
  2000K .......... .......... .......... .......... ..........  5% 4,19M 14s
  2050K .......... .......... .......... .......... ..........  5% 4,73M 14s
  2100K .......... .......... .......... .......... ..........  5% 1,58M 14s
  2150K .......... .......... .......... .......... ..........  5% 5,15M 14s
  2200K .......... .......... .......... .......... ..........  5%  552K 15s
  2250K .......... .......... .......... .......... ..........  6% 84,9M 14s
  2300K .......... .......... .......... .......... ..........  6%  128M 14s
  2350K .......... .......... .......... .......... ..........  6%  140M 14s
  2400K .......... .......... .......... .......... ..........  6%  134M 13s
  2450K .......... .......... .......... .......... ..........  6%  144M 13s
  2500K .......... .......... .......... .......... ..........  6%  769K 14s
  2550K .......... .......... .......... .......... ..........  6%  840K 14s
  2600K .......... .......... .......... .......... ..........  7% 4,10M 14s
  2650K .......... .......... .......... .......... ..........  7% 2,94M 14s
  2700K .......... .......... .......... .......... ..........  7% 16,1M 14s
  2750K .......... .......... .......... .......... ..........  7% 15,6M 14s
  2800K .......... .......... .......... .......... ..........  7%  125M 13s
  2850K .......... .......... .......... .......... ..........  7% 20,2M 13s
  2900K .......... .......... .......... .......... ..........  7% 5,87M 13s
  2950K .......... .......... .......... .......... ..........  7% 2,91M 13s
  3000K .......... .......... .......... .......... ..........  8% 5,93M 13s
  3050K .......... .......... .......... .......... ..........  8% 6,34M 13s
  3100K .......... .......... .......... .......... ..........  8% 4,86M 13s
  3150K .......... .......... .......... .......... ..........  8% 7,16M 12s
  3200K .......... .......... .......... .......... ..........  8% 2,96M 12s
  3250K .......... .......... .......... .......... ..........  8% 4,35M 12s
  3300K .......... .......... .......... .......... ..........  8% 2,99M 12s
  3350K .......... .......... .......... .......... ..........  9% 7,18M 12s
  3400K .......... .......... .......... .......... ..........  9% 3,76M 12s
  3450K .......... .......... .......... .......... ..........  9%  934K 12s
  3500K .......... .......... .......... .......... ..........  9% 7,80M 12s
  3550K .......... .......... .......... .......... ..........  9%  849K 13s
  3600K .......... .......... .......... .......... ..........  9% 3,34M 13s
  3650K .......... .......... .......... .......... ..........  9% 3,64M 13s
  3700K .......... .......... .......... .......... ..........  9%  132M 12s
  3750K .......... .......... .......... .......... .......... 10%  150M 12s
  3800K .......... .......... .......... .......... .......... 10% 6,38M 12s
  3850K .......... .......... .......... .......... .......... 10% 2,09M 12s
  3900K .......... .......... .......... .......... .......... 10% 1,77M 12s
  3950K .......... .......... .......... .......... .......... 10% 5,55M 12s
  4000K .......... .......... .......... .......... .......... 10% 6,19M 12s
  4050K .......... .......... .......... .......... .......... 10% 3,59M 12s
  4100K .......... .......... .......... .......... .......... 11% 3,36M 12s
  4150K .......... .......... .......... .......... .......... 11% 12,1M 12s
  4200K .......... .......... .......... .......... .......... 11% 5,27M 12s
  4250K .......... .......... .......... .......... .......... 11%  579K 12s
  4300K .......... .......... .......... .......... .......... 11% 4,16M 12s
  4350K .......... .......... .......... .......... .......... 11%  888K 12s
  4400K .......... .......... .......... .......... .......... 11% 2,55M 12s
  4450K .......... .......... .......... .......... .......... 11% 3,56M 12s
  4500K .......... .......... .......... .......... .......... 12% 1,02M 13s
  4550K .......... .......... .......... .......... .......... 12%  125M 12s
  4600K .......... .......... .......... .......... .......... 12% 1,09M 13s
  4650K .......... .......... .......... .......... .......... 12%  131M 12s
  4700K .......... .......... .......... .......... .......... 12%  126M 12s
  4750K .......... .......... .......... .......... .......... 12% 6,51M 12s
  4800K .......... .......... .......... .......... .......... 12% 2,93M 12s
  4850K .......... .......... .......... .......... .......... 12% 2,73M 12s
  4900K .......... .......... .......... .......... .......... 13% 1,90M 12s
  4950K .......... .......... .......... .......... .......... 13% 5,58M 12s
  5000K .......... .......... .......... .......... .......... 13% 2,19M 12s
  5050K .......... .......... .......... .......... .......... 13% 2,73M 12s
  5100K .......... .......... .......... .......... .......... 13% 2,62M 12s
  5150K .......... .......... .......... .......... .......... 13% 3,29M 12s
  5200K .......... .......... .......... .......... .......... 13% 2,77M 12s
  5250K .......... .......... .......... .......... .......... 14%  163K 14s
  5300K .......... .......... .......... .......... .......... 14% 1,38M 14s
  5350K .......... .......... .......... .......... .......... 14% 14,7K 34s
  5400K .......... .......... .......... .......... .......... 14%  753K 34s
  5450K .......... .......... .......... .......... .......... 14%  352K 34s
  5500K .......... .......... .......... .......... .......... 14%  141K 36s
  5550K .......... .......... .......... .......... .......... 14% 14,6K 55s
  5600K .......... .......... .......... .......... .......... 14%  207K 56s
  5650K .......... .......... .......... .......... .......... 15%  259K 57s
  5700K .......... .......... .......... .......... .......... 15% 48,4K 62s
  5750K .......... .......... .......... .......... .......... 15%  371K 62s
  5800K .......... .......... .......... .......... .......... 15%  307K 62s
  5850K .......... .......... .......... .......... .......... 15%  483K 62s
  5900K .......... .......... .......... .......... .......... 15%  363K 62s
  5950K .......... .......... .......... .......... .......... 15%  780K 62s
  6000K .......... .......... .......... .......... .......... 16%  630K 62s
  6050K .......... .......... .......... .......... .......... 16%  612K 62s
  6100K .......... .......... .......... .......... .......... 16%  686K 61s
  6150K .......... .......... .......... .......... .......... 16%  734K 61s
  6200K .......... .......... .......... .......... .......... 16%  687K 61s
  6250K .......... .......... .......... .......... .......... 16%  742K 61s
  6300K .......... .......... .......... .......... .......... 16% 1,11M 60s
  6350K .......... .......... .......... .......... .......... 16%  933K 60s
  6400K .......... .......... .......... .......... .......... 17% 1,15M 60s
  6450K .......... .......... .......... .......... .......... 17% 1,36M 59s
  6500K .......... .......... .......... .......... .......... 17%  397K 59s
  6550K .......... .......... .......... .......... .......... 17%  266K 60s
  6600K .......... .......... .......... .......... .......... 17% 42,6K 65s
  6650K .......... .......... .......... .......... .......... 17% 16,7M 64s
  6700K .......... .......... .......... .......... .......... 17%  156K 65s
  6750K .......... .......... .......... .......... .......... 18%  401K 65s
  6800K .......... .......... .......... .......... .......... 18%  978K 65s
  6850K .......... .......... .......... .......... .......... 18%  541K 65s
  6900K .......... .......... .......... .......... .......... 18% 3,95M 64s
  6950K .......... .......... .......... .......... .......... 18% 2,11M 64s
  7000K .......... .......... .......... .......... .......... 18%  410K 64s
  7050K .......... .......... .......... .......... .......... 18% 68,7K 66s
  7100K .......... .......... .......... .......... .......... 18%  646K 66s
  7150K .......... .......... .......... .......... .......... 19%  485K 66s
  7200K .......... .......... .......... .......... .......... 19%  128K 67s
  7250K .......... .......... .......... .......... .......... 19%  112M 66s
  7300K .......... .......... .......... .......... .......... 19%  698K 66s
  7350K .......... .......... .......... .......... .......... 19%  253K 66s
  7400K .......... .......... .......... .......... .......... 19%  112M 66s
  7450K .......... .......... .......... .......... .......... 19% 1,09M 65s
  7500K .......... .......... .......... .......... .......... 20% 2,14M 65s
  7550K .......... .......... .......... .......... .......... 20% 1,05M 65s
  7600K .......... .......... .......... .......... .......... 20% 1,52M 64s
  7650K .......... .......... .......... .......... .......... 20% 1,25M 64s
  7700K .......... .......... .......... .......... .......... 20%  667K 64s
  7750K .......... .......... .......... .......... .......... 20%  752K 63s
  7800K .......... .......... .......... .......... .......... 20% 1,43M 63s
  7850K .......... .......... .......... .......... .......... 20%  314K 63s
  7900K .......... .......... .......... .......... .......... 21% 1,05M 63s
  7950K .......... .......... .......... .......... .......... 21% 8,10M 62s
  8000K .......... .......... .......... .......... .......... 21%  815K 62s
  8050K .......... .......... .......... .......... .......... 21% 1,59M 62s
  8100K .......... .......... .......... .......... .......... 21% 1,52M 61s
  8150K .......... .......... .......... .......... .......... 21% 1,48M 61s
  8200K .......... .......... .......... .......... .......... 21% 1,91M 60s
  8250K .......... .......... .......... .......... .......... 22% 2,10M 60s
  8300K .......... .......... .......... .......... .......... 22% 1,93M 60s
  8350K .......... .......... .......... .......... .......... 22% 3,47M 59s
  8400K .......... .......... .......... .......... .......... 22%  782K 59s
  8450K .......... .......... .......... .......... .......... 22%  818K 59s
  8500K .......... .......... .......... .......... .......... 22% 2,80M 58s
  8550K .......... .......... .......... .......... .......... 22% 6,65M 58s
  8600K .......... .......... .......... .......... .......... 22% 1,26M 58s
  8650K .......... .......... .......... .......... .......... 23% 3,37M 57s
  8700K .......... .......... .......... .......... .......... 23% 2,22M 57s
  8750K .......... .......... .......... .......... .......... 23% 2,19M 57s
  8800K .......... .......... .......... .......... .......... 23% 4,30M 56s
  8850K .......... .......... .......... .......... .......... 23% 4,38M 56s
  8900K .......... .......... .......... .......... .......... 23% 2,87M 56s
  8950K .......... .......... .......... .......... .......... 23% 3,04M 55s
  9000K .......... .......... .......... .......... .......... 23% 1,17M 55s
  9050K .......... .......... .......... .......... .......... 24%  137M 54s
  9100K .......... .......... .......... .......... .......... 24% 7,02M 54s
  9150K .......... .......... .......... .......... .......... 24% 4,03M 54s
  9200K .......... .......... .......... .......... .......... 24% 3,00M 53s
  9250K .......... .......... .......... .......... .......... 24% 1,69M 53s
  9300K .......... .......... .......... .......... .......... 24% 2,73M 53s
  9350K .......... .......... .......... .......... .......... 24% 1,05M 53s
  9400K .......... .......... .......... .......... .......... 25%  113M 52s
  9450K .......... .......... .......... .......... .......... 25% 7,10M 52s
  9500K .......... .......... .......... .......... .......... 25% 1,90M 52s
  9550K .......... .......... .......... .......... .......... 25%  707K 51s
  9600K .......... .......... .......... .......... .......... 25%  879K 51s
  9650K .......... .......... .......... .......... .......... 25% 1,82M 51s
  9700K .......... .......... .......... .......... .......... 25% 21,3M 51s
  9750K .......... .......... .......... .......... .......... 25% 4,53M 50s
  9800K .......... .......... .......... .......... .......... 26%  551K 50s
  9850K .......... .......... .......... .......... .......... 26%  128M 50s
  9900K .......... .......... .......... .......... .......... 26%  160M 50s
  9950K .......... .......... .......... .......... .......... 26% 9,63M 49s
 10000K .......... .......... .......... .......... .......... 26% 3,44M 49s
 10050K .......... .......... .......... .......... .......... 26%  932K 49s
 10100K .......... .......... .......... .......... .......... 26% 2,97M 48s
 10150K .......... .......... .......... .......... .......... 27%  135K 49s
 10200K .......... .......... .......... .......... .......... 27% 6,72M 49s
 10250K .......... .......... .......... .......... .......... 27% 2,88M 49s
 10300K .......... .......... .......... .......... .......... 27% 3,94M 48s
 10350K .......... .......... .......... .......... .......... 27% 3,02M 48s
 10400K .......... .......... .......... .......... .......... 27% 3,48M 48s
 10450K .......... .......... .......... .......... .......... 27% 1,63M 47s
 10500K .......... .......... .......... .......... .......... 27% 3,99M 47s
 10550K .......... .......... .......... .......... .......... 28% 3,57M 47s
 10600K .......... .......... .......... .......... .......... 28% 1,71M 47s
 10650K .......... .......... .......... .......... .......... 28% 4,25M 46s
 10700K .......... .......... .......... .......... .......... 28% 4,75M 46s
 10750K .......... .......... .......... .......... .......... 28% 2,98M 46s
 10800K .......... .......... .......... .......... .......... 28% 3,25M 46s
 10850K .......... .......... .......... .......... .......... 28% 1,27M 45s
 10900K .......... .......... .......... .......... .......... 29% 4,00M 45s
 10950K .......... .......... .......... .......... .......... 29% 4,28M 45s
 11000K .......... .......... .......... .......... .......... 29% 1,66M 45s
 11050K .......... .......... .......... .......... .......... 29% 1,04M 44s
 11100K .......... .......... .......... .......... .......... 29%  884K 44s
 11150K .......... .......... .......... .......... .......... 29% 3,72M 44s
 11200K .......... .......... .......... .......... .......... 29% 6,42M 44s
 11250K .......... .......... .......... .......... .......... 29%  145M 44s
 11300K .......... .......... .......... .......... .......... 30% 8,15M 43s
 11350K .......... .......... .......... .......... .......... 30% 4,34M 43s
 11400K .......... .......... .......... .......... .......... 30%  870K 43s
 11450K .......... .......... .......... .......... .......... 30%  875K 43s
 11500K .......... .......... .......... .......... .......... 30% 3,75M 43s
 11550K .......... .......... .......... .......... .......... 30% 46,8M 42s
 11600K .......... .......... .......... .......... .......... 30%  134M 42s
 11650K .......... .......... .......... .......... .......... 31%  164M 42s
 11700K .......... .......... .......... .......... .......... 31% 9,07M 42s
 11750K .......... .......... .......... .......... .......... 31% 4,55M 41s
 11800K .......... .......... .......... .......... .......... 31%  389K 41s
 11850K .......... .......... .......... .......... .......... 31% 1,07M 41s
 11900K .......... .......... .......... .......... .......... 31% 3,37M 41s
 11950K .......... .......... .......... .......... .......... 31% 8,95M 41s
 12000K .......... .......... .......... .......... .......... 31% 51,3M 40s
 12050K .......... .......... .......... .......... .......... 32% 3,14M 40s
 12100K .......... .......... .......... .......... .......... 32% 3,60M 40s
 12150K .......... .......... .......... .......... .......... 32% 4,18M 40s
 12200K .......... .......... .......... .......... .......... 32% 1,81M 40s
 12250K .......... .......... .......... .......... .......... 32% 3,24M 39s
 12300K .......... .......... .......... .......... .......... 32% 3,89M 39s
 12350K .......... .......... .......... .......... .......... 32% 4,79M 39s
 12400K .......... .......... .......... .......... .......... 33% 4,15M 39s
 12450K .......... .......... .......... .......... .......... 33% 1,84M 39s
 12500K .......... .......... .......... .......... .......... 33% 2,70M 38s
 12550K .......... .......... .......... .......... .......... 33% 5,48M 38s
 12600K .......... .......... .......... .......... .......... 33% 1,13M 38s
 12650K .......... .......... .......... .......... .......... 33%  153M 38s
 12700K .......... .......... .......... .......... .......... 33%  160M 38s
 12750K .......... .......... .......... .......... .......... 33%  119M 37s
 12800K .......... .......... .......... .......... .......... 34% 1,63M 37s
 12850K .......... .......... .......... .......... .......... 34%  613K 37s
 12900K .......... .......... .......... .......... .......... 34% 1,09M 37s
 12950K .......... .......... .......... .......... .......... 34% 1,76M 37s
 13000K .......... .......... .......... .......... .......... 34%  940K 37s
 13050K .......... .......... .......... .......... .......... 34%  911K 37s
 13100K .......... .......... .......... .......... .......... 34% 11,1M 36s
 13150K .......... .......... .......... .......... .......... 35% 30,0M 36s
 13200K .......... .......... .......... .......... .......... 35%  116M 36s
 13250K .......... .......... .......... .......... .......... 35% 10,0M 36s
 13300K .......... .......... .......... .......... .......... 35% 2,27M 36s
 13350K .......... .......... .......... .......... .......... 35% 2,84M 35s
 13400K .......... .......... .......... .......... .......... 35%  588K 35s
 13450K .......... .......... .......... .......... .......... 35% 3,95M 35s
 13500K .......... .......... .......... .......... .......... 35%  105M 35s
 13550K .......... .......... .......... .......... .......... 36% 2,58M 35s
 13600K .......... .......... .......... .......... .......... 36% 3,24M 35s
 13650K .......... .......... .......... .......... .......... 36%  483K 35s
 13700K .......... .......... .......... .......... .......... 36% 1,03M 35s
 13750K .......... .......... .......... .......... .......... 36% 1,45M 34s
 13800K .......... .......... .......... .......... .......... 36% 3,30M 34s
 13850K .......... .......... .......... .......... .......... 36% 4,26M 34s
 13900K .......... .......... .......... .......... .......... 36% 2,15M 34s
 13950K .......... .......... .......... .......... .......... 37% 2,29M 34s
 14000K .......... .......... .......... .......... .......... 37% 2,60M 34s
 14050K .......... .......... .......... .......... .......... 37% 2,60M 33s
 14100K .......... .......... .......... .......... .......... 37% 2,40M 33s
 14150K .......... .......... .......... .......... .......... 37% 2,10M 33s
 14200K .......... .......... .......... .......... .......... 37% 1,94M 33s
 14250K .......... .......... .......... .......... .......... 37% 2,53M 33s
 14300K .......... .......... .......... .......... .......... 38% 2,17M 33s
 14350K .......... .......... .......... .......... .......... 38% 2,40M 33s
 14400K .......... .......... .......... .......... .......... 38% 1,39M 32s
 14450K .......... .......... .......... .......... .......... 38% 4,17M 32s
 14500K .......... .......... .......... .......... .......... 38% 3,30M 32s
 14550K .......... .......... .......... .......... .......... 38% 2,42M 32s
 14600K .......... .......... .......... .......... .......... 38% 1,81M 32s
 14650K .......... .......... .......... .......... .......... 38% 2,36M 32s
 14700K .......... .......... .......... .......... .......... 39%  699K 32s
 14750K .......... .......... .......... .......... .......... 39%  880K 32s
 14800K .......... .......... .......... .......... .......... 39% 1,89M 31s
 14850K .......... .......... .......... .......... .......... 39% 16,3M 31s
 14900K .......... .......... .......... .......... .......... 39% 2,59M 31s
 14950K .......... .......... .......... .......... .......... 39%  931K 31s
 15000K .......... .......... .......... .......... .......... 39%  588K 31s
 15050K .......... .......... .......... .......... .......... 40% 32,4M 31s
 15100K .......... .......... .......... .......... .......... 40% 7,74M 31s
 15150K .......... .......... .......... .......... .......... 40% 3,16M 30s
 15200K .......... .......... .......... .......... .......... 40% 1,18M 30s
 15250K .......... .......... .......... .......... .......... 40% 1,14M 30s
 15300K .......... .......... .......... .......... .......... 40% 2,67M 30s
 15350K .......... .......... .......... .......... .......... 40% 1,92M 30s
 15400K .......... .......... .......... .......... .......... 40% 2,11M 30s
 15450K .......... .......... .......... .......... .......... 41%  293K 30s
 15500K .......... .......... .......... .......... .......... 41% 2,10M 30s
 15550K .......... .......... .......... .......... .......... 41% 5,74M 30s
 15600K .......... .......... .......... .......... .......... 41% 4,86M 30s
 15650K .......... .......... .......... .......... .......... 41%  354K 30s
 15700K .......... .......... .......... .......... .......... 41% 1,03M 29s
 15750K .......... .......... .......... .......... .......... 41% 2,20M 29s
 15800K .......... .......... .......... .......... .......... 42% 6,00M 29s
 15850K .......... .......... .......... .......... .......... 42% 1,33M 29s
 15900K .......... .......... .......... .......... .......... 42% 6,15M 29s
 15950K .......... .......... .......... .......... .......... 42% 3,84M 29s
 16000K .......... .......... .......... .......... .......... 42% 3,34M 29s
 16050K .......... .......... .......... .......... .......... 42% 3,61M 29s
 16100K .......... .......... .......... .......... .......... 42% 3,27M 28s
 16150K .......... .......... .......... .......... .......... 42% 2,85M 28s
 16200K .......... .......... .......... .......... .......... 43% 3,39M 28s
 16250K .......... .......... .......... .......... .......... 43%  920K 28s
 16300K .......... .......... .......... .......... .......... 43%  937K 28s
 16350K .......... .......... .......... .......... .......... 43% 2,95M 28s
 16400K .......... .......... .......... .......... .......... 43% 2,51M 28s
 16450K .......... .......... .......... .......... .......... 43% 22,8M 28s
 16500K .......... .......... .......... .......... .......... 43% 5,80M 27s
 16550K .......... .......... .......... .......... .......... 44% 6,68M 27s
 16600K .......... .......... .......... .......... .......... 44% 1,97M 27s
 16650K .......... .......... .......... .......... .......... 44% 1,07M 27s
 16700K .......... .......... .......... .......... .......... 44% 10,1M 27s
 16750K .......... .......... .......... .......... .......... 44%  124M 27s
 16800K .......... .......... .......... .......... .......... 44% 10,9M 27s
 16850K .......... .......... .......... .......... .......... 44% 5,61M 27s
 16900K .......... .......... .......... .......... .......... 44% 4,40M 26s
 16950K .......... .......... .......... .......... .......... 45% 5,13M 26s
 17000K .......... .......... .......... .......... .......... 45% 2,83M 26s
 17050K .......... .......... .......... .......... .......... 45%  481K 26s
 17100K .......... .......... .......... .......... .......... 45% 4,13M 26s
 17150K .......... .......... .......... .......... .......... 45% 7,09M 26s
 17200K .......... .......... .......... .......... .......... 45%  934K 26s
 17250K .......... .......... .......... .......... .......... 45% 8,78M 26s
 17300K .......... .......... .......... .......... .......... 46%  136M 26s
 17350K .......... .......... .......... .......... .......... 46% 94,5M 25s
 17400K .......... .......... .......... .......... .......... 46% 2,45M 25s
 17450K .......... .......... .......... .......... .......... 46%  557K 25s
 17500K .......... .......... .......... .......... .......... 46%  203K 25s
 17550K .......... .......... .......... .......... .......... 46%  341K 25s
 17600K .......... .......... .......... .......... .......... 46%  132M 25s
 17650K .......... .......... .......... .......... .......... 46%  157M 25s
 17700K .......... .......... .......... .......... .......... 47%  150M 25s
 17750K .......... .......... .......... .......... .......... 47%  164M 25s
 17800K .......... .......... .......... .......... .......... 47% 5,41M 25s
 17850K .......... .......... .......... .......... .......... 47% 3,94M 25s
 17900K .......... .......... .......... .......... .......... 47% 1,77M 25s
 17950K .......... .......... .......... .......... .......... 47% 5,23M 24s
 18000K .......... .......... .......... .......... .......... 47%  775K 24s
 18050K .......... .......... .......... .......... .......... 47% 1,78M 24s
 18100K .......... .......... .......... .......... .......... 48% 1,31M 24s
 18150K .......... .......... .......... .......... .......... 48% 3,31M 24s
 18200K .......... .......... .......... .......... .......... 48% 7,02M 24s
 18250K .......... .......... .......... .......... .......... 48%  154M 24s
 18300K .......... .......... .......... .......... .......... 48% 11,9M 24s
 18350K .......... .......... .......... .......... .......... 48% 1,15M 24s
 18400K .......... .......... .......... .......... .......... 48% 1009K 24s
 18450K .......... .......... .......... .......... .......... 49% 12,1M 23s
 18500K .......... .......... .......... .......... .......... 49%  149M 23s
 18550K .......... .......... .......... .......... .......... 49%  162M 23s
 18600K .......... .......... .......... .......... .......... 49% 7,13M 23s
 18650K .......... .......... .......... .......... .......... 49% 3,39M 23s
 18700K .......... .......... .......... .......... .......... 49% 2,41M 23s
 18750K .......... .......... .......... .......... .......... 49% 4,69M 23s
 18800K .......... .......... .......... .......... .......... 49% 1,36M 23s
 18850K .......... .......... .......... .......... .......... 50%  152M 23s
 18900K .......... .......... .......... .......... .......... 50%  158M 22s
 18950K .......... .......... .......... .......... .......... 50% 4,22M 22s
 19000K .......... .......... .......... .......... .......... 50% 2,50M 22s
 19050K .......... .......... .......... .......... .......... 50% 2,05M 22s
 19100K .......... .......... .......... .......... .......... 50% 9,72M 22s
 19150K .......... .......... .......... .......... .......... 50%  509K 22s
 19200K .......... .......... .......... .......... .......... 51% 1,16M 22s
 19250K .......... .......... .......... .......... .......... 51% 2,39M 22s
 19300K .......... .......... .......... .......... .......... 51% 3,32M 22s
 19350K .......... .......... .......... .......... .......... 51% 5,91M 22s
 19400K .......... .......... .......... .......... .......... 51% 2,56M 22s
 19450K .......... .......... .......... .......... .......... 51%  417K 22s
 19500K .......... .......... .......... .......... .......... 51%  446K 22s
 19550K .......... .......... .......... .......... .......... 51% 1,37M 21s
 19600K .......... .......... .......... .......... .......... 52%  410K 21s
 19650K .......... .......... .......... .......... .......... 52% 50,1M 21s
 19700K .......... .......... .......... .......... .......... 52% 1,19M 21s
 19750K .......... .......... .......... .......... .......... 52%  646K 21s
 19800K .......... .......... .......... .......... .......... 52%  241K 21s
 19850K .......... .......... .......... .......... .......... 52%  188K 21s
 19900K .......... .......... .......... .......... .......... 52%  112K 22s
 19950K .......... .......... .......... .......... .......... 53% 1,02M 22s
 20000K .......... .......... .......... .......... .......... 53%  141M 21s
 20050K .......... .......... .......... .......... .......... 53%  601K 21s
 20100K .......... .......... .......... .......... .......... 53%  201K 22s
 20150K .......... .......... .......... .......... .......... 53%  130M 21s
 20200K .......... .......... .......... .......... .......... 53%  130M 21s
 20250K .......... .......... .......... .......... .......... 53%  146M 21s
 20300K .......... .......... .......... .......... .......... 53%  278K 21s
 20350K .......... .......... .......... .......... .......... 54%  375K 21s
 20400K .......... .......... .......... .......... .......... 54% 5,30M 21s
 20450K .......... .......... .......... .......... .......... 54% 7,18M 21s
 20500K .......... .......... .......... .......... .......... 54% 33,3M 21s
 20550K .......... .......... .......... .......... .......... 54% 3,74M 21s
 20600K .......... .......... .......... .......... .......... 54%  527K 21s
 20650K .......... .......... .......... .......... .......... 54% 1,05M 21s
 20700K .......... .......... .......... .......... .......... 55% 2,65M 21s
 20750K .......... .......... .......... .......... .......... 55% 3,33M 21s
 20800K .......... .......... .......... .......... .......... 55% 46,5M 20s
 20850K .......... .......... .......... .......... .......... 55%  538K 20s
 20900K .......... .......... .......... .......... .......... 55% 4,20M 20s
 20950K .......... .......... .......... .......... .......... 55% 1000K 20s
 21000K .......... .......... .......... .......... .......... 55% 2,65M 20s
 21050K .......... .......... .......... .......... .......... 55%  129M 20s
 21100K .......... .......... .......... .......... .......... 56% 9,26M 20s
 21150K .......... .......... .......... .......... .......... 56% 3,66M 20s
 21200K .......... .......... .......... .......... .......... 56% 3,73M 20s
 21250K .......... .......... .......... .......... .......... 56% 1,53M 20s
 21300K .......... .......... .......... .......... .......... 56% 3,31M 20s
 21350K .......... .......... .......... .......... .......... 56% 1,16M 19s
 21400K .......... .......... .......... .......... .......... 56%  617K 19s
 21450K .......... .......... .......... .......... .......... 57% 1003K 19s
 21500K .......... .......... .......... .......... .......... 57%  661K 19s
 21550K .......... .......... .......... .......... .......... 57%  751K 19s
 21600K .......... .......... .......... .......... .......... 57%  772K 19s
 21650K .......... .......... .......... .......... .......... 57%  140M 19s
 21700K .......... .......... .......... .......... .......... 57%  152M 19s
 21750K .......... .......... .......... .......... .......... 57%  140M 19s
 21800K .......... .......... .......... .......... .......... 57% 2,62M 19s
 21850K .......... .......... .......... .......... .......... 58%  715K 19s
 21900K .......... .......... .......... .......... .......... 58%  133K 19s
 21950K .......... .......... .......... .......... .......... 58% 11,3M 19s
 22000K .......... .......... .......... .......... .......... 58%  119M 19s
 22050K .......... .......... .......... .......... .......... 58%  131M 19s
 22100K .......... .......... .......... .......... .......... 58%  155M 19s
 22150K .......... .......... .......... .......... .......... 58%  165M 18s
 22200K .......... .......... .......... .......... .......... 58% 18,1M 18s
 22250K .......... .......... .......... .......... .......... 59% 14,6M 18s
 22300K .......... .......... .......... .......... .......... 59%  155M 18s
 22350K .......... .......... .......... .......... .......... 59%  163M 18s
 22400K .......... .......... .......... .......... .......... 59% 5,36M 18s
 22450K .......... .......... .......... .......... .......... 59%  252K 18s
 22500K .......... .......... .......... .......... .......... 59%  891K 18s
 22550K .......... .......... .......... .......... .......... 59% 3,79M 18s
 22600K .......... .......... .......... .......... .......... 60% 3,08M 18s
 22650K .......... .......... .......... .......... .......... 60%  116M 18s
 22700K .......... .......... .......... .......... .......... 60% 3,64M 18s
 22750K .......... .......... .......... .......... .......... 60% 2,07M 17s
 22800K .......... .......... .......... .......... .......... 60%  216K 18s
 22850K .......... .......... .......... .......... .......... 60%  130M 17s
 22900K .......... .......... .......... .......... .......... 60%  110M 17s
 22950K .......... .......... .......... .......... .......... 60% 94,1M 17s
 23000K .......... .......... .......... .......... .......... 61% 1,60M 17s
 23050K .......... .......... .......... .......... .......... 61%  918K 17s
 23100K .......... .......... .......... .......... .......... 61%  214K 17s
 23150K .......... .......... .......... .......... .......... 61%  472K 17s
 23200K .......... .......... .......... .......... .......... 61%  590K 17s
 23250K .......... .......... .......... .......... .......... 61% 1,46M 17s
 23300K .......... .......... .......... .......... .......... 61%  150M 17s
 23350K .......... .......... .......... .......... .......... 62%  154M 17s
 23400K .......... .......... .......... .......... .......... 62% 3,48M 17s
 23450K .......... .......... .......... .......... .......... 62% 3,99M 17s
 23500K .......... .......... .......... .......... .......... 62% 1,50M 17s
 23550K .......... .......... .......... .......... .......... 62% 3,54M 16s
 23600K .......... .......... .......... .......... .......... 62% 2,63M 16s
 23650K .......... .......... .......... .......... .......... 62% 1,08M 16s
 23700K .......... .......... .......... .......... .......... 62%  695K 16s
 23750K .......... .......... .......... .......... .......... 63% 3,26M 16s
 23800K .......... .......... .......... .......... .......... 63% 20,2M 16s
 23850K .......... .......... .......... .......... .......... 63% 1,73M 16s
 23900K .......... .......... .......... .......... .......... 63%  741K 16s
 23950K .......... .......... .......... .......... .......... 63% 6,82M 16s
 24000K .......... .......... .......... .......... .......... 63%  123M 16s
 24050K .......... .......... .......... .......... .......... 63%  151M 16s
 24100K .......... .......... .......... .......... .......... 64% 7,61M 16s
 24150K .......... .......... .......... .......... .......... 64% 2,16M 16s
 24200K .......... .......... .......... .......... .......... 64%  235K 16s
 24250K .......... .......... .......... .......... .......... 64%  975K 16s
 24300K .......... .......... .......... .......... .......... 64% 1,76M 15s
 24350K .......... .......... .......... .......... .......... 64% 2,35M 15s
 24400K .......... .......... .......... .......... .......... 64% 9,52M 15s
 24450K .......... .......... .......... .......... .......... 64% 3,41M 15s
 24500K .......... .......... .......... .......... .......... 65% 2,89M 15s
 24550K .......... .......... .......... .......... .......... 65% 3,59M 15s
 24600K .......... .......... .......... .......... .......... 65% 2,83M 15s
 24650K .......... .......... .......... .......... .......... 65% 3,08M 15s
 24700K .......... .......... .......... .......... .......... 65% 2,96M 15s
 24750K .......... .......... .......... .......... .......... 65% 4,58M 15s
 24800K .......... .......... .......... .......... .......... 65% 1,17M 15s
 24850K .......... .......... .......... .......... .......... 66% 1,03M 15s
 24900K .......... .......... .......... .......... .......... 66% 8,72M 15s
 24950K .......... .......... .......... .......... .......... 66%  147M 14s
 25000K .......... .......... .......... .......... .......... 66% 6,20M 14s
 25050K .......... .......... .......... .......... .......... 66% 3,62M 14s
 25100K .......... .......... .......... .......... .......... 66% 3,46M 14s
 25150K .......... .......... .......... .......... .......... 66%  616K 14s
 25200K .......... .......... .......... .......... .......... 66% 1,14M 14s
 25250K .......... .......... .......... .......... .......... 67% 1,53M 14s
 25300K .......... .......... .......... .......... .......... 67% 4,65M 14s
 25350K .......... .......... .......... .......... .......... 67% 5,25M 14s
 25400K .......... .......... .......... .......... .......... 67%  504K 14s
 25450K .......... .......... .......... .......... .......... 67% 3,26M 14s
 25500K .......... .......... .......... .......... .......... 67% 4,09M 14s
 25550K .......... .......... .......... .......... .......... 67% 2,93M 14s
 25600K .......... .......... .......... .......... .......... 68% 4,62M 14s
 25650K .......... .......... .......... .......... .......... 68% 4,47M 13s
 25700K .......... .......... .......... .......... .......... 68% 3,06M 13s
 25750K .......... .......... .......... .......... .......... 68% 3,21M 13s
 25800K .......... .......... .......... .......... .......... 68% 2,17M 13s
 25850K .......... .......... .......... .......... .......... 68% 1,25M 13s
 25900K .......... .......... .......... .......... .......... 68%  126M 13s
 25950K .......... .......... .......... .......... .......... 68%  157M 13s
 26000K .......... .......... .......... .......... .......... 69% 29,7M 13s
 26050K .......... .......... .......... .......... .......... 69% 4,34M 13s
 26100K .......... .......... .......... .......... .......... 69% 2,85M 13s
 26150K .......... .......... .......... .......... .......... 69% 5,15M 13s
 26200K .......... .......... .......... .......... .......... 69% 4,56M 13s
 26250K .......... .......... .......... .......... .......... 69%  381K 13s
 26300K .......... .......... .......... .......... .......... 69% 1,10M 13s
 26350K .......... .......... .......... .......... .......... 70% 1,42M 12s
 26400K .......... .......... .......... .......... .......... 70% 2,31M 12s
 26450K .......... .......... .......... .......... .......... 70%  466K 12s
 26500K .......... .......... .......... .......... .......... 70%  910K 12s
 26550K .......... .......... .......... .......... .......... 70% 65,9M 12s
 26600K .......... .......... .......... .......... .......... 70% 3,15M 12s
 26650K .......... .......... .......... .......... .......... 70% 9,65M 12s
 26700K .......... .......... .......... .......... .......... 70% 91,8M 12s
 26750K .......... .......... .......... .......... .......... 71% 3,71M 12s
 26800K .......... .......... .......... .......... .......... 71% 4,36M 12s
 26850K .......... .......... .......... .......... .......... 71% 1,12M 12s
 26900K .......... .......... .......... .......... .......... 71%  940K 12s
 26950K .......... .......... .......... .......... .......... 71% 3,33M 12s
 27000K .......... .......... .......... .......... .......... 71% 3,67M 12s
 27050K .......... .......... .......... .......... .......... 71%  119M 12s
 27100K .......... .......... .......... .......... .......... 71% 4,18M 11s
 27150K .......... .......... .......... .......... .......... 72% 4,21M 11s
 27200K .......... .......... .......... .......... .......... 72% 2,51M 11s
 27250K .......... .......... .......... .......... .......... 72% 1,04M 11s
 27300K .......... .......... .......... .......... .......... 72%  153M 11s
 27350K .......... .......... .......... .......... .......... 72%  141M 11s
 27400K .......... .......... .......... .......... .......... 72% 3,81M 11s
 27450K .......... .......... .......... .......... .......... 72% 5,43M 11s
 27500K .......... .......... .......... .......... .......... 73% 2,49M 11s
 27550K .......... .......... .......... .......... .......... 73% 6,03M 11s
 27600K .......... .......... .......... .......... .......... 73% 4,27M 11s
 27650K .......... .......... .......... .......... .......... 73% 5,97M 11s
 27700K .......... .......... .......... .......... .......... 73% 3,92M 11s
 27750K .......... .......... .......... .......... .......... 73% 5,19M 11s
 27800K .......... .......... .......... .......... .......... 73% 3,05M 10s
 27850K .......... .......... .......... .......... .......... 73% 5,82M 10s
 27900K .......... .......... .......... .......... .......... 74% 6,94M 10s
 27950K .......... .......... .......... .......... .......... 74% 7,11M 10s
 28000K .......... .......... .......... .......... .......... 74% 1,75M 10s
 28050K .......... .......... .......... .......... .......... 74% 6,15M 10s
 28100K .......... .......... .......... .......... .......... 74% 4,17M 10s
 28150K .......... .........wget: missing URL
Usage: wget [OPTION]... [URL]...

Try `wget --help' for more options.
